2020-09-18 18:31:46 org.apache.ibatis.logging.commons.JakartaCommonsLoggingImpl.debug(JakartaCommonsLoggingImpl.java:54) JakartaCommonsLoggingImpl.java DEBUG Logging initialized using 'class org.apache.ibatis.logging.commons.JakartaCommonsLoggingImpl' adapter.
2020-09-18 18:31:47 org.apache.ibatis.logging.commons.JakartaCommonsLoggingImpl.debug(JakartaCommonsLoggingImpl.java:54) JakartaCommonsLoggingImpl.java DEBUG PooledDataSource forcefully closed/removed all connections.
2020-09-18 18:31:47 org.apache.ibatis.logging.commons.JakartaCommonsLoggingImpl.debug(JakartaCommonsLoggingImpl.java:54) JakartaCommonsLoggingImpl.java DEBUG PooledDataSource forcefully closed/removed all connections.
2020-09-18 18:31:47 org.apache.ibatis.logging.commons.JakartaCommonsLoggingImpl.debug(JakartaCommonsLoggingImpl.java:54) JakartaCommonsLoggingImpl.java DEBUG PooledDataSource forcefully closed/removed all connections.
2020-09-18 18:31:47 org.apache.ibatis.logging.commons.JakartaCommonsLoggingImpl.debug(JakartaCommonsLoggingImpl.java:54) JakartaCommonsLoggingImpl.java DEBUG PooledDataSource forcefully closed/removed all connections.
2020-09-18 18:31:47 org.apache.ibatis.logging.commons.JakartaCommonsLoggingImpl.debug(JakartaCommonsLoggingImpl.java:54) JakartaCommonsLoggingImpl.java DEBUG Opening JDBC Connection
2020-09-18 18:32:43 org.apache.ibatis.logging.commons.JakartaCommonsLoggingImpl.debug(JakartaCommonsLoggingImpl.java:54) JakartaCommonsLoggingImpl.java DEBUG Logging initialized using 'class org.apache.ibatis.logging.commons.JakartaCommonsLoggingImpl' adapter.
2020-09-18 18:32:43 org.apache.ibatis.logging.commons.JakartaCommonsLoggingImpl.debug(JakartaCommonsLoggingImpl.java:54) JakartaCommonsLoggingImpl.java DEBUG PooledDataSource forcefully closed/removed all connections.
2020-09-18 18:32:43 org.apache.ibatis.logging.commons.JakartaCommonsLoggingImpl.debug(JakartaCommonsLoggingImpl.java:54) JakartaCommonsLoggingImpl.java DEBUG PooledDataSource forcefully closed/removed all connections.
2020-09-18 18:32:43 org.apache.ibatis.logging.commons.JakartaCommonsLoggingImpl.debug(JakartaCommonsLoggingImpl.java:54) JakartaCommonsLoggingImpl.java DEBUG PooledDataSource forcefully closed/removed all connections.
2020-09-18 18:32:43 org.apache.ibatis.logging.commons.JakartaCommonsLoggingImpl.debug(JakartaCommonsLoggingImpl.java:54) JakartaCommonsLoggingImpl.java DEBUG PooledDataSource forcefully closed/removed all connections.
2020-09-18 18:32:43 org.apache.ibatis.logging.commons.JakartaCommonsLoggingImpl.debug(JakartaCommonsLoggingImpl.java:54) JakartaCommonsLoggingImpl.java DEBUG Opening JDBC Connection
2020-09-18 18:32:44 org.apache.ibatis.logging.commons.JakartaCommonsLoggingImpl.debug(JakartaCommonsLoggingImpl.java:54) JakartaCommonsLoggingImpl.java DEBUG Created connection 1482246673.
2020-09-18 18:32:44 org.apache.ibatis.logging.commons.JakartaCommonsLoggingImpl.debug(JakartaCommonsLoggingImpl.java:54) JakartaCommonsLoggingImpl.java DEBUG Setting autocommit to false on JDBC Connection [com.mysql.jdbc.JDBC4Connection@58594a11]
2020-09-18 18:32:44 org.apache.ibatis.logging.commons.JakartaCommonsLoggingImpl.debug(JakartaCommonsLoggingImpl.java:54) JakartaCommonsLoggingImpl.java DEBUG ==>  Preparing: select * from user 
2020-09-18 18:32:44 org.apache.ibatis.logging.commons.JakartaCommonsLoggingImpl.debug(JakartaCommonsLoggingImpl.java:54) JakartaCommonsLoggingImpl.java DEBUG ==> Parameters: 
2020-09-18 18:32:45 org.apache.ibatis.logging.commons.JakartaCommonsLoggingImpl.debug(JakartaCommonsLoggingImpl.java:54) JakartaCommonsLoggingImpl.java DEBUG <==      Total: 13
2020-09-18 18:32:45 org.apache.ibatis.logging.commons.JakartaCommonsLoggingImpl.debug(JakartaCommonsLoggingImpl.java:54) JakartaCommonsLoggingImpl.java DEBUG Resetting autocommit to true on JDBC Connection [com.mysql.jdbc.JDBC4Connection@58594a11]
2020-09-18 18:32:45 org.apache.ibatis.logging.commons.JakartaCommonsLoggingImpl.debug(JakartaCommonsLoggingImpl.java:54) JakartaCommonsLoggingImpl.java DEBUG Closing JDBC Connection [com.mysql.jdbc.JDBC4Connection@58594a11]
2020-09-18 18:32:45 org.apache.ibatis.logging.commons.JakartaCommonsLoggingImpl.debug(JakartaCommonsLoggingImpl.java:54) JakartaCommonsLoggingImpl.java DEBUG Returned connection 1482246673 to pool.
